# JRE version: Java(TM) SE Runtime Environment (8.0_181-b13) (build 1.8.0_181-b13)
# Java VM: Java HotSpot(TM) 64-Bit Server VM (25.181-b13 mixed mode windows-amd64 compressed oops)
Heap:
 PSYoungGen      total 162304K, used 28135K [0x00000000d8380000, 0x00000000e3980000, 0x0000000100000000)
  eden space 147968K, 19% used [0x00000000d8380000,0x00000000d9ef9ca0,0x00000000e1400000)
  from space 14336K, 0% used [0x00000000e2380000,0x00000000e2380000,0x00000000e3180000)
  to   space 15872K, 0% used [0x00000000e1400000,0x00000000e1400000,0x00000000e2380000)
 ParOldGen       total 53248K, used 18832K [0x0000000088a00000, 0x000000008be00000, 0x00000000d8380000)
  object space 53248K, 35% used [0x0000000088a00000,0x0000000089c64238,0x000000008be00000)
 Metaspace       used 34397K, capacity 35828K, committed 36056K, reserved 1081344K
  class space    used 4508K, capacity 4781K, committed 4864K, reserved 1048576K
GC Heap History (10 events):
Event: 5.294 GC heap before
{Heap before GC invocations=6 (full 1):
 PSYoungGen      total 66560K, used 61440K [0x00000000d8380000, 0x00000000dc980000, 0x0000000100000000)
  eden space 61440K, 100% used [0x00000000d8380000,0x00000000dbf80000,0x00000000dbf80000)
  from space 5120K, 0% used [0x00000000dc480000,0x00000000dc480000,0x00000000dc980000)
  to   space 5120K, 0% used [0x00000000dbf80000,0x00000000dbf80000,0x00000000dc480000)
 ParOldGen       total 53248K, used 7645K [0x0000000088a00000, 0x000000008be00000, 0x00000000d8380000)
  object space 53248K, 14% used [0x0000000088a00000,0x00000000891776f0,0x000000008be00000)
 Metaspace       used 26410K, capacity 27188K, committed 27520K, reserved 1073152K
  class space    used 3410K, capacity 3607K, committed 3712K, reserved 1048576K
Event: 5.311 GC heap after
Heap after GC invocations=6 (full 1):
 PSYoungGen      total 66560K, used 5088K [0x00000000d8380000, 0x00000000df500000, 0x0000000100000000)
  eden space 61440K, 0% used [0x00000000d8380000,0x00000000d8380000,0x00000000dbf80000)
  from space 5120K, 99% used [0x00000000dbf80000,0x00000000dc478090,0x00000000dc480000)
  to   space 9216K, 0% used [0x00000000dec00000,0x00000000dec00000,0x00000000df500000)
 ParOldGen       total 53248K, used 10583K [0x0000000088a00000, 0x000000008be00000, 0x00000000d8380000)
  object space 53248K, 19% used [0x0000000088a00000,0x0000000089455d10,0x000000008be00000)
 Metaspace       used 26410K, capacity 27188K, committed 27520K, reserved 1073152K
  class space    used 3410K, capacity 3607K, committed 3712K, reserved 1048576K
}
Event: 6.412 GC heap before
{Heap before GC invocations=7 (full 1):
 PSYoungGen      total 66560K, used 66528K [0x00000000d8380000, 0x00000000df500000, 0x0000000100000000)
  eden space 61440K, 100% used [0x00000000d8380000,0x00000000dbf80000,0x00000000dbf80000)
  from space 5120K, 99% used [0x00000000dbf80000,0x00000000dc478090,0x00000000dc480000)
  to   space 9216K, 0% used [0x00000000dec00000,0x00000000dec00000,0x00000000df500000)
 ParOldGen       total 53248K, used 10583K [0x0000000088a00000, 0x000000008be00000, 0x00000000d8380000)
  object space 53248K, 19% used [0x0000000088a00000,0x0000000089455d10,0x000000008be00000)
 Metaspace       used 29624K, capacity 30600K, committed 30720K, reserved 1075200K
  class space    used 3839K, capacity 4067K, committed 4096K, reserved 1048576K
Event: 6.434 GC heap after
Heap after GC invocations=7 (full 1):
 PSYoungGen      total 104960K, used 9214K [0x00000000d8380000, 0x00000000df880000, 0x0000000100000000)
  eden space 95744K, 0% used [0x00000000d8380000,0x00000000d8380000,0x00000000de100000)
  from space 9216K, 99% used [0x00000000dec00000,0x00000000df4ff8a0,0x00000000df500000)
  to   space 11264K, 0% used [0x00000000de100000,0x00000000de100000,0x00000000dec00000)
 ParOldGen       total 53248K, used 12069K [0x0000000088a00000, 0x000000008be00000, 0x00000000d8380000)
  object space 53248K, 22% used [0x0000000088a00000,0x00000000895c9528,0x000000008be00000)
 Metaspace       used 29624K, capacity 30600K, committed 30720K, reserved 1075200K
  class space    used 3839K, capacity 4067K, committed 4096K, reserved 1048576K
}
Event: 8.568 GC heap before
{Heap before GC invocations=8 (full 1):
 PSYoungGen      total 104960K, used 104958K [0x00000000d8380000, 0x00000000df880000, 0x0000000100000000)
  eden space 95744K, 100% used [0x00000000d8380000,0x00000000de100000,0x00000000de100000)
  from space 9216K, 99% used [0x00000000dec00000,0x00000000df4ff8a0,0x00000000df500000)
  to   space 11264K, 0% used [0x00000000de100000,0x00000000de100000,0x00000000dec00000)
 ParOldGen       total 53248K, used 12069K [0x0000000088a00000, 0x000000008be00000, 0x00000000d8380000)
  object space 53248K, 22% used [0x0000000088a00000,0x00000000895c9528,0x000000008be00000)
 Metaspace       used 32916K, capacity 34146K, committed 34304K, reserved 1079296K
  class space    used 4320K, capacity 4552K, committed 4608K, reserved 1048576K
Event: 8.595 GC heap after
Heap after GC invocations=8 (full 1):
 PSYoungGen      total 107008K, used 11257K [0x00000000d8380000, 0x00000000e3180000, 0x0000000100000000)
  eden space 95744K, 0% used [0x00000000d8380000,0x00000000d8380000,0x00000000de100000)
  from space 11264K, 99% used [0x00000000de100000,0x00000000debfe7e0,0x00000000dec00000)
  to   space 14336K, 0% used [0x00000000e2380000,0x00000000e2380000,0x00000000e3180000)
 ParOldGen       total 53248K, used 15029K [0x0000000088a00000, 0x000000008be00000, 0x00000000d8380000)
  object space 53248K, 28% used [0x0000000088a00000,0x00000000898ad6c8,0x000000008be00000)
 Metaspace       used 32916K, capacity 34146K, committed 34304K, reserved 1079296K
  class space    used 4320K, capacity 4552K, committed 4608K, reserved 1048576K
}
Event: 9.183 GC heap before
{Heap before GC invocations=9 (full 1):
 PSYoungGen      total 107008K, used 48669K [0x00000000d8380000, 0x00000000e3180000, 0x0000000100000000)
  eden space 95744K, 39% used [0x00000000d8380000,0x00000000da808c50,0x00000000de100000)
  from space 11264K, 99% used [0x00000000de100000,0x00000000debfe7e0,0x00000000dec00000)
  to   space 14336K, 0% used [0x00000000e2380000,0x00000000e2380000,0x00000000e3180000)
 ParOldGen       total 53248K, used 15029K [0x0000000088a00000, 0x000000008be00000, 0x00000000d8380000)
  object space 53248K, 28% used [0x0000000088a00000,0x00000000898ad6c8,0x000000008be00000)
 Metaspace       used 33973K, capacity 35310K, committed 35416K, reserved 1079296K
  class space    used 4457K, capacity 4722K, committed 4736K, reserved 1048576K
Event: 9.207 GC heap after
Heap after GC invocations=9 (full 1):
 PSYoungGen      total 162304K, used 13943K [0x00000000d8380000, 0x00000000e3980000, 0x0000000100000000)
  eden space 147968K, 0% used [0x00000000d8380000,0x00000000d8380000,0x00000000e1400000)
  from space 14336K, 97% used [0x00000000e2380000,0x00000000e311dc58,0x00000000e3180000)
  to   space 15872K, 0% used [0x00000000e1400000,0x00000000e1400000,0x00000000e2380000)
 ParOldGen       total 53248K, used 15037K [0x0000000088a00000, 0x000000008be00000, 0x00000000d8380000)
  object space 53248K, 28% used [0x0000000088a00000,0x00000000898af6c8,0x000000008be00000)
 Metaspace       used 33973K, capacity 35310K, committed 35416K, reserved 1079296K
  class space    used 4457K, capacity 4722K, committed 4736K, reserved 1048576K
}
Event: 9.207 GC heap before
{Heap before GC invocations=10 (full 2):
 PSYoungGen      total 162304K, used 13943K [0x00000000d8380000, 0x00000000e3980000, 0x0000000100000000)
  eden space 147968K, 0% used [0x00000000d8380000,0x00000000d8380000,0x00000000e1400000)
  from space 14336K, 97% used [0x00000000e2380000,0x00000000e311dc58,0x00000000e3180000)
  to   space 15872K, 0% used [0x00000000e1400000,0x00000000e1400000,0x00000000e2380000)
 ParOldGen       total 53248K, used 15037K [0x0000000088a00000, 0x000000008be00000, 0x00000000d8380000)
  object space 53248K, 28% used [0x0000000088a00000,0x00000000898af6c8,0x000000008be00000)
 Metaspace       used 33973K, capacity 35310K, committed 35416K, reserved 1079296K
  class space    used 4457K, capacity 4722K, committed 4736K, reserved 1048576K
Event: 9.364 GC heap after
Heap after GC invocations=10 (full 2):
 PSYoungGen      total 162304K, used 0K [0x00000000d8380000, 0x00000000e3980000, 0x0000000100000000)
  eden space 147968K, 0% used [0x00000000d8380000,0x00000000d8380000,0x00000000e1400000)
  from space 14336K, 0% used [0x00000000e2380000,0x00000000e2380000,0x00000000e3180000)
  to   space 15872K, 0% used [0x00000000e1400000,0x00000000e1400000,0x00000000e2380000)
 ParOldGen       total 53248K, used 18832K [0x0000000088a00000, 0x000000008be00000, 0x00000000d8380000)
  object space 53248K, 35% used [0x0000000088a00000,0x0000000089c64238,0x000000008be00000)
 Metaspace       used 33973K, capacity 35310K, committed 35416K, reserved 1079296K
  class space    used 4457K, capacity 4722K, committed 4736K, reserved 1048576K
}

